app/build/outputs/mapping/release/seeds.txt
com.euysoo.engtest.data.entity.WordWithBookEntryMeta
com.euysoo.engtest.data.model.EducationVocabRoot$$serializer
com.euysoo.engtest.data.entity.WordDetailEntity
com.euysoo.engtest.data.AppDatabase_Impl
com.euysoo.engtest.domain.model.WordWithStatsListBuilder$build$$inlined$compareBy$1
com.euysoo.engtest.domain.model.WordWithStatsListBuilder
com.euysoo.engtest.data.remote.DictionaryApiService
com.euysoo.engtest.domain.model.WordWithStatsListBuilder$build$$inlined$thenBy$2
com.euysoo.engtest.data.entity.TestResult
com.euysoo.engtest.data.remote.model.DictionaryResponse$Companion
com.euysoo.engtest.data.model.EducationVocabRoot$Companion
com.euysoo.engtest.data.entity.WordBook
com.euysoo.engtest.domain.model.WordWithStatsListBuilder$build$$inlined$compareBy$2
com.euysoo.engtest.data.loader.WordAssetLoader$WordJson$$serializer
com.euysoo.engtest.data.remote.model.DefinitionResponse
com.euysoo.engtest.data.entity.WordDifficulty
com.euysoo.engtest.data.remote.model.DefinitionResponse$Companion
com.euysoo.engtest.data.remote.model.MeaningResponse$$serializer
com.euysoo.engtest.domain.model.MeaningUiModel
com.euysoo.engtest.worker.PhoneticFetchWorker
com.euysoo.engtest.domain.model.WordWithStatsListBuilder$build$$inlined$thenBy$3
com.euysoo.engtest.data.loader.WordAssetLoader$WordJson$Companion
com.euysoo.engtest.domain.model.WordDetailUiModelKt
com.euysoo.engtest.data.model.EducationVocabItem$$serializer
com.euysoo.engtest.data.model.EducationVocabRoot
com.euysoo.engtest.data.remote.model.DictionaryResponse$$serializer
com.euysoo.engtest.domain.model.WordWithStats
com.euysoo.engtest.domain.model.WordDetailUiModel
com.euysoo.engtest.data.remote.model.MeaningResponse
com.euysoo.engtest.data.loader.WordAssetLoader
com.euysoo.engtest.data.remote.model.MeaningResponse$Companion
com.euysoo.engtest.data.remote.model.DefinitionResponse$$serializer
com.euysoo.engtest.data.loader.WordAssetLoader$WordJson
com.euysoo.engtest.data.loader.WordAssetLoader$loadFromAssets$2
com.euysoo.engtest.data.AppDatabase
com.euysoo.engtest.data.entity.PhoneticConstantsKt
com.euysoo.engtest.domain.model.SyncResult
com.euysoo.engtest.data.model.EducationVocabItem$Companion
com.euysoo.engtest.data.entity.WordBookEntry
com.euysoo.engtest.domain.model.WordWithStatsListBuilder$build$$inlined$thenBy$1
com.euysoo.engtest.data.entity.Word
com.euysoo.engtest.data.entity.WordHistoryEntity
com.euysoo.engtest.MainActivity
com.euysoo.engtest.data.loader.WordAssetLoader$loadEducationVocabFromAssets$2
com.euysoo.engtest.data.model.EducationVocabItem
com.euysoo.engtest.data.loader.WordAssetLoader$resetDatabase$2
com.euysoo.engtest.data.remote.PhoneticDto
com.euysoo.engtest.EngTestApplication
com.euysoo.engtest.data.remote.model.DictionaryResponse
com.euysoo.engtest.data.entity.TestResult$Companion
com.euysoo.engtest.data.remote.DictionaryEntryDto
com.euysoo.engtest.data.remote.model.MeaningResponse: java.util.List synonyms
com.euysoo.engtest.data.entity.WordBookEntry: long bookId
com.euysoo.engtest.data.entity.TestResult: java.lang.String difficulty
com.euysoo.engtest.data.entity.Word: java.lang.String partOfSpeech
com.euysoo.engtest.data.loader.WordAssetLoader$WordJson: java.lang.String difficulty
com.euysoo.engtest.data.loader.WordAssetLoader: int $stable
com.euysoo.engtest.data.loader.WordAssetLoader$loadEducationVocabFromAssets$2: java.lang.Object L$1
com.euysoo.engtest.data.entity.TestResult: java.lang.String TEST_TYPE_MULTIPLE_CHOICE
com.euysoo.engtest.data.remote.model.DictionaryResponse$$serializer: kotlinx.serialization.internal.PluginGeneratedSerialDescriptor descriptor
com.euysoo.engtest.data.entity.WordHistoryEntity: java.lang.String beforeLevel
com.euysoo.engtest.data.entity.WordHistoryEntity: java.lang.String word
com.euysoo.engtest.data.loader.WordAssetLoader: com.euysoo.engtest.data.loader.WordAssetLoader INSTANCE
com.euysoo.engtest.data.remote.model.DictionaryResponse: com.euysoo.engtest.data.remote.model.DictionaryResponse$Companion Companion
...
okhttp3.internal.http2.Http2Reader$ContinuationSource: int left
okhttp3.CipherSuite: okhttp3.CipherSuite TLS_DHE_RSA_WITH_AES_256_CBC_SHA
okhttp3.MediaType: okhttp3.MediaType$Companion Companion
okhttp3.CertificatePinner$check$1: java.util.List $peerCertificates
okhttp3.OkHttpClient$Builder: javax.net.ssl.X509TrustManager x509TrustManagerOrNull
okhttp3.HttpUrl$Builder: java.util.List encodedQueryNamesAndValues
okhttp3.internal.platform.android.StandardAndroidSocketAdapter: java.lang.Class paramClass
okhttp3.CipherSuite: okhttp3.CipherSuite TLS_ECDH_anon_WITH_AES_128_CBC_SHA
okhttp3.internal.cache.CacheStrategy$Factory: okhttp3.Request request
okhttp3.internal.ws.RealWebSocket: java.util.List ONLY_HTTP1
okhttp3.internal.http2.ErrorCode: okhttp3.internal.http2.ErrorCode CONNECT_ERROR
okhttp3.MultipartReader: okhttp3.MultipartReader$Companion Companion
okhttp3.CipherSuite: okhttp3.CipherSuite TLS_ECDH_ECDSA_WITH_RC4_128_SHA
retrofit2.RequestFactory$Builder: boolean gotQueryMap
okhttp3.internal.ws.RealWebSocket: long CANCEL_AFTER_CLOSE_MILLIS
okhttp3.Protocol: okhttp3.Protocol HTTP_1_1
okhttp3.internal.platform.AndroidPlatform: okhttp3.internal.platform.android.CloseGuard closeGuard
okhttp3.internal.tls.BasicTrustRootIndex: java.util.Map subjectToCaCerts
okhttp3.internal.connection.Exchange: okhttp3.EventListener eventListener
okhttp3.CipherSuite: okhttp3.CipherSuite TLS_RSA_WITH_NULL_SHA
okhttp3.CertificatePinner$check$1: okhttp3.CertificatePinner this$0
okhttp3.internal.http1.Http1ExchangeCodec$AbstractSource: okio.ForwardingTimeout timeout
okhttp3.internal.ws.RealWebSocket: java.util.Random random
okhttp3.CertificatePinner: okhttp3.internal.tls.CertificateChainCleaner certificateChainCleaner
okhttp3.CipherSuite: okhttp3.CipherSuite TLS_KRB5_EXPORT_WITH_RC4_40_SHA
okhttp3.internal.http2.Http2Connection$ReaderRunnable$settings$$inlined$execute$default$1: okhttp3.internal.http2.Http2Connection$ReaderRunnable this$0
okhttp3.OkHttpClient$Builder: int pingInterval
okhttp3.internal.connection.RealConnection: java.net.Socket socket
okhttp3.internal.ws.RealWebSocket: boolean failed
okhttp3.CacheControl: int maxStaleSeconds
okhttp3.CipherSuite: okhttp3.CipherSuite TLS_DHE_RSA_WITH_CAMELLIA_256_CBC_SHA
okhttp3.FormBody$Builder: java.util.List values
okhttp3.internal.platform.android.BouncyCastleSocketAdapter: okhttp3.internal.platform.android.BouncyCastleSocketAdapter$Companion Companion
okhttp3.internal.ws.MessageDeflaterKt: okio.ByteString EMPTY_DEFLATE_BLOCK
retrofit2.ParameterHandler$Path: java.lang.String name
okhttp3.CipherSuite: okhttp3.CipherSuite TLS_KRB5_WITH_3DES_EDE_CBC_SHA
okhttp3.internal.ws.RealWebSocket: okhttp3.WebSocketListener listener
okhttp3.internal.connection.RouteSelector$Selection: java.util.List routes
okhttp3.Cache$CacheResponseBody: okhttp3.internal.cache.DiskLruCache$Snapshot snapshot
okhttp3.internal.ws.WebSocketReader: okhttp3.internal.ws.WebSocketReader$FrameCallback frameCallback
okhttp3.MediaType: java.lang.String TOKEN
okhttp3.CipherSuite: okhttp3.CipherSuite TLS_EMPTY_RENEGOTIATION_INFO_SCSV
okhttp3.internal.ws.WebSocketProtocol: int OPCODE_CONTROL_PONG
okhttp3.Response: java.lang.String message
okhttp3.internal.http1.Http1ExchangeCodec$UnknownLengthSource: boolean inputExhausted
okhttp3.Response: okhttp3.Handshake handshake
okhttp3.internal.publicsuffix.PublicSuffixDatabase: java.util.concurrent.atomic.AtomicBoolean listRead
okhttp3.CertificatePinner: okhttp3.CertificatePinner DEFAULT
okhttp3.internal.http1.Http1ExchangeCodec: int STATE_READ_RESPONSE_HEADERS
okhttp3.internal.ws.WebSocketWriter: okio.Buffer$UnsafeCursor maskCursor
retrofit2.ParameterHandler$Headers: java.lang.reflect.Method method
okhttp3.OkHttpClient$Builder: int writeTimeout
okhttp3.internal.http1.Http1ExchangeCodec: int STATE_CLOSED
okhttp3.internal.connection.RouteException: java.io.IOException firstConnectException
okhttp3.internal.connection.RouteSelector: okhttp3.Address address