app/build/outputs/mapping/release/usage.txt
com.euysoo.engtest.BuildConfig
com.euysoo.engtest.EngTestApplication:
    public static final java.lang.String TAG
com.euysoo.engtest.MainActivity:
    public static final int $stable
com.euysoo.engtest.R$color
com.euysoo.engtest.R$drawable
com.euysoo.engtest.R$font
com.euysoo.engtest.R$mipmap
com.euysoo.engtest.R$string:
    public static int app_name
    private void <init>()
com.euysoo.engtest.R$style
com.euysoo.engtest.R
com.euysoo.engtest.data.AppDatabase:
    public static final int $stable
com.euysoo.engtest.data.AppDatabase_Impl:
    public void clearAllTables()
com.euysoo.engtest.data.assets.EducationVocabAssets:
    public static final int $stable
    public static final java.lang.String FALLBACK_FILE_NAME
    public static final java.lang.String PRIMARY_FILE_NAME
com.euysoo.engtest.data.dao.ActionSummary
com.euysoo.engtest.data.dao.WordDao:
    public abstract java.lang.Object clearAll(kotlin.coroutines.Continuation)
    public abstract java.lang.Object getByWord(java.lang.String,kotlin.coroutines.Continuation)
    public abstract java.lang.Object getWordById(long,kotlin.coroutines.Continuation)
    public abstract kotlinx.coroutines.flow.Flow getWordsByDifficulty(com.euysoo.engtest.data.entity.WordDifficulty)
    public abstract java.lang.Object getWordsPaginated(int,int,kotlin.coroutines.Continuation)
    public abstract java.lang.Object updateWord(java.lang.String,java.lang.String,java.lang.String,com.euysoo.engtest.data.entity.WordDifficulty,long,java.lang.String,kotlin.coroutines.Continuation)
com.euysoo.engtest.data.dao.WordDao_Impl$10
com.euysoo.engtest.data.dao.WordDao_Impl$12
com.euysoo.engtest.data.dao.WordDao_Impl$14
com.euysoo.engtest.data.dao.WordDao_Impl$15
com.euysoo.engtest.data.dao.WordDao_Impl$16
com.euysoo.engtest.data.dao.WordDao_Impl$19
com.euysoo.engtest.data.dao.WordDao_Impl:
    public java.lang.Object clearAll(kotlin.coroutines.Continuation)
    public java.lang.Object getByWord(java.lang.String,kotlin.coroutines.Continuation)
    public java.lang.Object getWordById(long,kotlin.coroutines.Continuation)
    public kotlinx.coroutines.flow.Flow getWordsByDifficulty(com.euysoo.engtest.data.entity.WordDifficulty)
    public java.lang.Object getWordsPaginated(int,int,kotlin.coroutines.Continuation)
    public java.lang.Object updateWord(java.lang.String,java.lang.String,java.lang.String,com.euysoo.engtest.data.entity.WordDifficulty,long,java.lang.String,kotlin.coroutines.Continuation)
com.euysoo.engtest.data.dao.WordDetailDao:
    public abstract java.lang.Object clearAll(kotlin.coroutines.Continuation)
    public abstract java.lang.Object getCachedCount(kotlin.coroutines.Continuation)
com.euysoo.engtest.data.dao.WordDetailDao_Impl$4
com.euysoo.engtest.data.dao.WordDetailDao_Impl$6
com.euysoo.engtest.data.dao.WordDetailDao_Impl:
    public java.lang.Object clearAll(kotlin.coroutines.Continuation)
    public java.lang.Object getCachedCount(kotlin.coroutines.Continuation)
com.euysoo.engtest.data.dao.WordHistoryDao:
    public abstract java.lang.Object clearAll(kotlin.coroutines.Continuation)
    public abstract java.lang.Object getHistoryByAction(java.lang.String,kotlin.coroutines.Continuation)
    public abstract java.lang.Object getHistoryByWord(java.lang.String,kotlin.coroutines.Continuation)
    public abstract java.lang.Object getSummaryAfter(long,kotlin.coroutines.Continuation)
    public abstract java.lang.Object insert(com.euysoo.engtest.data.entity.WordHistoryEntity,kotlin.coroutines.Continuation)
com.euysoo.engtest.data.dao.WordHistoryDao_Impl$3
com.euysoo.engtest.data.dao.WordHistoryDao_Impl$5
com.euysoo.engtest.data.dao.WordHistoryDao_Impl$6
com.euysoo.engtest.data.dao.WordHistoryDao_Impl$7
com.euysoo.engtest.data.dao.WordHistoryDao_Impl$8
...
androidx.compose.material.icons.outlined.PaletteKt
androidx.compose.material.icons.outlined.PanToolAltKt
androidx.compose.material.icons.outlined.PanToolKt
androidx.compose.material.icons.outlined.PanoramaFishEyeKt
androidx.compose.material.icons.outlined.PanoramaHorizontalKt
androidx.compose.material.icons.outlined.PanoramaHorizontalSelectKt
androidx.compose.material.icons.outlined.PanoramaKt
androidx.compose.material.icons.outlined.PanoramaPhotosphereKt
androidx.compose.material.icons.outlined.PanoramaPhotosphereSelectKt
androidx.compose.material.icons.outlined.PanoramaVerticalKt
androidx.compose.material.icons.outlined.PanoramaVerticalSelectKt
androidx.compose.material.icons.outlined.PanoramaWideAngleKt
androidx.compose.material.icons.outlined.PanoramaWideAngleSelectKt
androidx.compose.material.icons.outlined.ParaglidingKt
androidx.compose.material.icons.outlined.ParkKt
androidx.compose.material.icons.outlined.PartyModeKt
androidx.compose.material.icons.outlined.PasswordKt
androidx.compose.material.icons.outlined.PatternKt
androidx.compose.material.icons.outlined.PauseCircleFilledKt
androidx.compose.material.icons.outlined.PauseCircleKt
androidx.compose.material.icons.outlined.PauseCircleOutlineKt
androidx.compose.material.icons.outlined.PauseKt
androidx.compose.material.icons.outlined.PausePresentationKt
androidx.compose.material.icons.outlined.PaymentKt
androidx.compose.material.icons.outlined.PaymentsKt
androidx.compose.material.icons.outlined.PedalBikeKt
androidx.compose.material.icons.outlined.PendingActionsKt
androidx.compose.material.icons.outlined.PendingKt
androidx.compose.material.icons.outlined.PentagonKt
androidx.compose.material.icons.outlined.PeopleAltKt
androidx.compose.material.icons.outlined.PeopleKt
androidx.compose.material.icons.outlined.PeopleOutlineKt
androidx.compose.material.icons.outlined.PercentKt
androidx.compose.material.icons.outlined.PermCameraMicKt
androidx.compose.material.icons.outlined.PermContactCalendarKt
androidx.compose.material.icons.outlined.PermDataSettingKt
androidx.compose.material.icons.outlined.PermDeviceInformationKt
androidx.compose.material.icons.outlined.PermIdentityKt
androidx.compose.material.icons.outlined.PermMediaKt
androidx.compose.material.icons.outlined.PermPhoneMsgKt
androidx.compose.material.icons.outlined.PermScanWifiKt
androidx.compose.material.icons.outlined.Person2Kt
androidx.compose.material.icons.outlined.Person3Kt
androidx.compose.material.icons.outlined.Person4Kt
androidx.compose.material.icons.outlined.PersonAddAlt1Kt
androidx.compose.material.icons.outlined.PersonAddAltKt
androidx.compose.material.icons.outlined.PersonAddDisabledKt
androidx.compose.material.icons.outlined.PersonAddKt
androidx.compose.material.icons.outlined.PersonKt
androidx.compose.material.icons.outlined.PersonOffKt
androidx.compose.material.icons.outlined.PersonOutlineKt
androidx.compose.material.icons.outlined.PersonPinCircleKt
androidx.compose.material.icons.outlined.PersonPinKt
androidx.compose.material.icons.outlined.PersonRemoveAlt1Kt
androidx.compose.material.icons.outlined.PersonRemoveKt
androidx.compose.material.icons.outlined.PersonSearchKt
androidx.compose.material.icons.outlined.PersonalInjuryKt
androidx.compose.material.icons.outlined.PersonalVideoKt
androidx.compose.material.icons.outlined.PestControlKt
androidx.compose.material.icons.outlined.PestControlRodentKt
androidx.compose.material.icons.outlined.PetsKt
androidx.compose.material.icons.outlined.PhishingKt
androidx.compose.material.icons.outlined.PhoneAndroidKt
androidx.compose.material.icons.outlined.PhoneBluetoothSpeakerKt
androidx.compose.material.icons.outlined.PhoneCallbackKt
androidx.compose.material.icons.outlined.PhoneDisabledKt
androidx.compose.material.icons.outlined.PhoneEnabledKt
androidx.compose.material.icons.outlined.PhoneForwardedKt
androidx.compose.material.icons.outlined.PhoneInTalkKt
androidx.compose.material.icons.outlined.PhoneIphoneKt
androidx.compose.material.icons.outlined.PhoneKt